#
# There is insufficient memory for the Java Runtime Environment to continue.
# Native memory allocation (malloc) failed to allocate 1048576 bytes for AllocateHeap
# Possible reasons:
#   The system is out of physical RAM or swap space
#   The process is running with CompressedOops enabled, and the Java Heap may be blocking the growth of the native heap
# Possible solutions:
#   Reduce memory load on the system
#   Increase physical memory or swap space
#   Check if swap backing store is full
#   Decrease Java heap size (-Xmx/-Xms)
#   Decrease number of Java threads
#   Decrease Java thread stack sizes (-Xss)
#   Set larger code cache with -XX:ReservedCodeCacheSize=
#   JVM is running with Unscaled Compressed Oops mode in which the Java heap is
#     placed in the first 4GB address space. The Java Heap base address is the
#     maximum limit for the native heap growth. Please use -XX:HeapBaseMinAddress
#     to set the Java Heap base and to place the Java Heap above 4GB virtual address.
# This output file may be truncated or incomplete.
#
#  Out of Memory Error (allocation.cpp:44), pid=5552, tid=5872
#
# JRE version:  (17.0.7+8) (build )
# Java VM: Java HotSpot(TM) 64-Bit Server VM (17.0.7+8-LTS-224, mixed mode, sharing, tiered, compressed oops, compressed class ptrs, g1 gc, windows-amd64)
# No core dump will be written. Minidumps are not enabled by default on client versions of Windows
#

---------------  S U M M A R Y ------------

Command Line: c:\Users\Jonathan Mejias\.vscode\extensions\salesforce.salesforce-vscode-slds-1.4.9\lsp-0.0.14-executable.jar --PORT=51554

Host: 13th Gen Intel(R) Core(TM) i5-13600K, 20 cores, 15G,  Windows 11 , 64 bit Build 22621 (10.0.22621.3672)
Time: Fri Jun 21 22:41:39 2024 Central America Standard Time elapsed time: 0.118050 seconds (0d 0h 0m 0s)

---------------  T H R E A D  ---------------

Current thread (0x00000237d0d40330):  JavaThread "Unknown thread" [_thread_in_vm, id=5872, stack(0x000000d012900000,0x000000d012a00000)]

Stack: [0x000000d012900000,0x000000d012a00000]
Native frames: (J=compiled Java code, j=interpreted, Vv=VM code, C=native code)
V  [jvm.dll+0x676a4a]
V  [jvm.dll+0x7d74f4]
V  [jvm.dll+0x7d8c9e]
V  [jvm.dll+0x7d9303]
V  [jvm.dll+0x2452c5]
V  [jvm.dll+0xa50a3]
V  [jvm.dll+0x2d5787]
V  [jvm.dll+0x7a8f7c]
V  [jvm.dll+0x3670e1]
V  [jvm.dll+0x788359]
V  [jvm.dll+0x3ea5ef]
V  [jvm.dll+0x3ec071]
C  [jli.dll+0x5297]
C  [ucrtbase.dll+0x29333]
C  [KERNEL32.DLL+0x1257d]
C  [ntdll.dll+0x5af28]


---------------  P R O C E S S  ---------------

Threads class SMR info:
_java_thread_list=0x00007ffaac5c4998, length=0, elements={
}

Java Threads: ( => current thread )

Other Threads:

=>0x00000237d0d40330 (exited) JavaThread "Unknown thread" [_thread_in_vm, id=5872, stack(0x000000d012900000,0x000000d012a00000)]

Threads with active compile tasks:

VM state: not at safepoint (not fully initialized)

VM Mutex/Monitor currently owned by a thread: None

Heap address: 0x0000000000000000, size: 0 MB, Compressed Oops mode: 32-bit

CDS archive(s) mapped at: [0x0000000000000000-0x0000000000000000-0x0000000000000000), size 0, SharedBaseAddress: 0x0000000800000000, ArchiveRelocationMode: 0.
Narrow klass base: 0x0000000000000000, Narrow klass shift: 0, Narrow klass range: 0x0

GC Precious Log:
<Empty>

GC Heap History (0 events):
No events

Deoptimization events (0 events):
No events

Classes unloaded (0 events):
No events

Classes redefined (0 events):
No events

Internal exceptions (0 events):
No events

VM Operations (0 events):
No events

Events (1 events):
Event: 0.047 Loaded shared library C:\Program Files\Java\jdk-17\bin\java.dll


Dynamic libraries:
0x00007ff67db80000 - 0x00007ff67db90000 	C:\Program Files\Java\jdk-17\bin\java.exe
0x00007ffb1de10000 - 0x00007ffb1e027000 	C:\WINDOWS\SYSTEM32\ntdll.dll
0x00007ffb1c6e0000 - 0x00007ffb1c7a4000 	C:\WINDOWS\System32\KERNEL32.DLL
0x00007ffb1b490000 - 0x00007ffb1b83c000 	C:\WINDOWS\System32\KERNELBASE.dll
0x00007ffb1b200000 - 0x00007ffb1b311000 	C:\WINDOWS\System32\ucrtbase.dll
0x00007ffae7ea0000 - 0x00007ffae7eb9000 	C:\Program Files\Java\jdk-17\bin\jli.dll
0x00007ffae7560000 - 0x00007ffae757b000 	C:\Program Files\Java\jdk-17\bin\VCRUNTIME140.dll
0x00007ffb1c030000 - 0x00007ffb1c0e2000 	C:\WINDOWS\System32\ADVAPI32.dll
0x00007ffb1c0f0000 - 0x00007ffb1c197000 	C:\WINDOWS\System32\msvcrt.dll
0x00007ffb1cd10000 - 0x00007ffb1cdba000 	C:\WINDOWS\System32\sechost.dll
0x00007ffb1b950000 - 0x00007ffb1b978000 	C:\WINDOWS\System32\bcrypt.dll
0x00007ffb1c5b0000 - 0x00007ffb1c6c5000 	C:\WINDOWS\System32\RPCRT4.dll
0x00007ffb1cb40000 - 0x00007ffb1ccee000 	C:\WINDOWS\System32\USER32.dll
0x00007ffb1ba00000 - 0x00007ffb1ba26000 	C:\WINDOWS\System32\win32u.dll
0x00007ffaf5250000 - 0x00007ffaf54e3000 	C:\WINDOWS\WinSxS\amd64_microsoft.windows.common-controls_6595b64144ccf1df_6.0.22621.3672_none_2713b9d173822955\COMCTL32.dll
0x00007ffb1cb10000 - 0x00007ffb1cb39000 	C:\WINDOWS\System32\GDI32.dll
0x00007ffb1ba30000 - 0x00007ffb1bb49000 	C:\WINDOWS\System32\gdi32full.dll
0x00007ffb1b8b0000 - 0x00007ffb1b94a000 	C:\WINDOWS\System32\msvcp_win.dll
0x00007ffb0a260000 - 0x00007ffb0a26a000 	C:\WINDOWS\SYSTEM32\VERSION.dll
0x00007ffb1d280000 - 0x00007ffb1d2b1000 	C:\WINDOWS\System32\IMM32.DLL
0x00007ffaf3530000 - 0x00007ffaf353c000 	C:\Program Files\Java\jdk-17\bin\vcruntime140_1.dll
0x00007ffae5f80000 - 0x00007ffae600e000 	C:\Program Files\Java\jdk-17\bin\msvcp140.dll
0x00007ffaabb10000 - 0x00007ffaac6ed000 	C:\Program Files\Java\jdk-17\bin\server\jvm.dll
0x00007ffb1ccf0000 - 0x00007ffb1ccf8000 	C:\WINDOWS\System32\PSAPI.DLL
0x00007ffb108e0000 - 0x00007ffb10914000 	C:\WINDOWS\SYSTEM32\WINMM.dll
0x00007ffaf66e0000 - 0x00007ffaf66e9000 	C:\WINDOWS\SYSTEM32\WSOCK32.dll
0x00007ffb1d2e0000 - 0x00007ffb1d351000 	C:\WINDOWS\System32\ws2_32.DLL
0x00007ffb1a260000 - 0x00007ffb1a278000 	C:\WINDOWS\SYSTEM32\kernel.appcore.dll
0x00007ffaeb360000 - 0x00007ffaeb36a000 	C:\Program Files\Java\jdk-17\bin\jimage.dll
0x00007ffaf7ef0000 - 0x00007ffaf8122000 	C:\WINDOWS\SYSTEM32\DBGHELP.DLL
0x00007ffb1c1a0000 - 0x00007ffb1c528000 	C:\WINDOWS\System32\combase.dll
0x00007ffb1cf30000 - 0x00007ffb1d007000 	C:\WINDOWS\System32\OLEAUT32.dll
0x00007ffaeeca0000 - 0x00007ffaeecd2000 	C:\WINDOWS\SYSTEM32\dbgcore.DLL
0x00007ffb1b980000 - 0x00007ffb1b9fb000 	C:\WINDOWS\System32\bcryptPrimitives.dll
0x00007ffae5f50000 - 0x00007ffae5f75000 	C:\Program Files\Java\jdk-17\bin\java.dll

dbghelp: loaded successfully - version: 4.0.5 - missing functions: none
symbol engine: initialized successfully - sym options: 0x614 - pdb path: .;C:\Program Files\Java\jdk-17\bin;C:\WINDOWS\SYSTEM32;C:\WINDOWS\WinSxS\amd64_microsoft.windows.common-controls_6595b64144ccf1df_6.0.22621.3672_none_2713b9d173822955;C:\Program Files\Java\jdk-17\bin\server

VM Arguments:
java_command: c:\Users\Jonathan Mejias\.vscode\extensions\salesforce.salesforce-vscode-slds-1.4.9\lsp-0.0.14-executable.jar --PORT=51554
java_class_path (initial): c:\Users\Jonathan Mejias\.vscode\extensions\salesforce.salesforce-vscode-slds-1.4.9\lsp-0.0.14-executable.jar
Launcher Type: SUN_STANDARD

[Global flags]
     intx CICompilerCount                          = 12                                        {product} {ergonomic}
     uint ConcGCThreads                            = 4                                         {product} {ergonomic}
     uint G1ConcRefinementThreads                  = 15                                        {product} {ergonomic}
   size_t G1HeapRegionSize                         = 2097152                                   {product} {ergonomic}
    uintx GCDrainStackTargetSize                   = 64                                        {product} {ergonomic}
   size_t InitialHeapSize                          = 266338304                                 {product} {ergonomic}
   size_t MarkStackSize                            = 4194304                                   {product} {ergonomic}
   size_t MaxHeapSize                              = 4240441344                                {product} {ergonomic}
   size_t MinHeapDeltaBytes                        = 2097152                                   {product} {ergonomic}
   size_t MinHeapSize                              = 8388608                                   {product} {ergonomic}
    uintx NonNMethodCodeHeapSize                   = 7602480                                {pd product} {ergonomic}
    uintx NonProfiledCodeHeapSize                  = 122027880                              {pd product} {ergonomic}
    uintx ProfiledCodeHeapSize                     = 122027880                              {pd product} {ergonomic}
    uintx ReservedCodeCacheSize                    = 251658240                              {pd product} {ergonomic}
     bool SegmentedCodeCache                       = true                                      {product} {ergonomic}
   size_t SoftMaxHeapSize                          = 4240441344                             {manageable} {ergonomic}
     bool UseCompressedClassPointers               = true                           {product lp64_product} {ergonomic}
     bool UseCompressedOops                        = true                           {product lp64_product} {ergonomic}
     bool UseG1GC                                  = true                                      {product} {ergonomic}
     bool UseLargePagesIndividualAllocation        = false                                  {pd product} {ergonomic}

Logging:
Log output configuration:
 #0: stdout all=warning uptime,level,tags
 #1: stderr all=off uptime,level,tags

Environment Variables:
PATH=C:\Program Files\Common Files\Oracle\Java\javapath;C:\WINDOWS\system32;C:\WINDOWS;C:\WINDOWS\System32\Wbem;C:\WINDOWS\System32\WindowsPowerShell\v1.0\;C:\WINDOWS\System32\OpenSSH\;C:\Program Files\dotnet\;C:\Program Files\Git\cmd;C:\Program Files\nodejs\;C:\Program Files (x86)\Microsoft SQL Server\160\DTS\Binn\;C:\Program Files (x86)\Microsoft SQL Server\160\Tools\Binn\;C:\Program Files\Microsoft SQL Server\160\Tools\Binn\;C:\Program Files\Microsoft SQL Server\Client SDK\ODBC\170\Tools\Binn\;C:\Program Files\Microsoft SQL Server\160\DTS\Binn\;C:\Program Files\Microsoft SQL Server\150\Tools\Binn\;C:\Program Files (x86)\cloudflared\;C:\Users\Jonathan Mejias\AppData\Local\Programs\Python\Python311\Scripts\;C:\Users\Jonathan Mejias\AppData\Local\Programs\Python\Python311\;C:\Users\Jonathan Mejias\AppData\Local\Microsoft\WindowsApps;C:\Users\Jonathan Mejias\AppData\Local\Programs\Microsoft VS Code\bin;C:\Program Files\nodejs;C:\Users\Jonathan Mejias\AppData\Roaming\npm;C:\Program Files\sfdx\bin;C:\Users\Jonathan Mejias\.dotnet\tools
USERNAME=Jonathan Mejias
OS=Windows_NT
PROCESSOR_IDENTIFIER=Intel64 Family 6 Model 183 Stepping 1, GenuineIntel



---------------  S Y S T E M  ---------------

OS:
 Windows 11 , 64 bit Build 22621 (10.0.22621.3672)
OS uptime: 0 days 0:54 hours

CPU: total 20 (initial active 20) (10 cores per cpu, 2 threads per core) family 6 model 183 stepping 1 microcode 0x10e, cx8, cmov, fxsr, ht, mmx, 3dnowpref, sse, sse2, sse3, ssse3, sse4.1, sse4.2, popcnt, lzcnt, tsc, tscinvbit, avx, avx2, aes, erms, clmul, bmi1, bmi2, adx, sha, fma, vzeroupper, clflush, clflushopt, clwb

Memory: 4k page, system-wide physical 16171M (4M free)
TotalPageFile size 65323M (AvailPageFile size 7M)
current process WorkingSet (physical memory assigned to process): 10M, peak: 10M
current process commit charge ("private bytes"): 13M, peak: 14M

vm_info: Java HotSpot(TM) 64-Bit Server VM (17.0.7+8-LTS-224) for windows-amd64 JRE (17.0.7+8-LTS-224), built on Feb 28 2023 23:03:02 by "mach5one" with MS VC++ 17.1 (VS2022)

END.
