#
# There is insufficient memory for the Java Runtime Environment to continue.
# Native memory allocation (malloc) failed to allocate 1023216 bytes for Chunk::new
# Possible reasons:
#   The system is out of physical RAM or swap space
#   The process is running with CompressedOops enabled, and the Java Heap may be blocking the growth of the native heap
# Possible solutions:
#   Reduce memory load on the system
#   Increase physical memory or swap space
#   Check if swap backing store is full
#   Decrease Java heap size (-Xmx/-Xms)
#   Decrease number of Java threads
#   Decrease Java thread stack sizes (-Xss)
#   Set larger code cache with -XX:ReservedCodeCacheSize=
#   JVM is running with Zero Based Compressed Oops mode in which the Java heap is
#     placed in the first 32GB address space. The Java Heap base address is the
#     maximum limit for the native heap growth. Please use -XX:HeapBaseMinAddress
#     to set the Java Heap base and to place the Java Heap above 32GB virtual address.
# This output file may be truncated or incomplete.
#
#  Out of Memory Error (arena.cpp:189), pid=8324, tid=16804
#
# JRE version: Java(TM) SE Runtime Environment (17.0.7+8) (build 17.0.7+8-LTS-224)
# Java VM: Java HotSpot(TM) 64-Bit Server VM (17.0.7+8-LTS-224, mixed mode, sharing, tiered, compressed oops, compressed class ptrs, g1 gc, windows-amd64)
# No core dump will be written. Minidumps are not enabled by default on client versions of Windows
#

---------------  S U M M A R Y ------------

Command Line: c:\Users\Jonathan Mejias\.vscode\extensions\salesforce.salesforce-vscode-slds-1.4.9\lsp-0.0.14-executable.jar --PORT=51576

Host: 13th Gen Intel(R) Core(TM) i5-13600K, 20 cores, 15G,  Windows 11 , 64 bit Build 22621 (10.0.22621.3672)
Time: Fri Jun 21 22:41:53 2024 Central America Standard Time elapsed time: 0.812179 seconds (0d 0h 0m 0s)

---------------  T H R E A D  ---------------

Current thread (0x000002493ed17fc0):  JavaThread "C2 CompilerThread0" daemon [_thread_in_native, id=16804, stack(0x0000008b0d500000,0x0000008b0d600000)]


Current CompileTask:
C2:    812 1818       4       jdk.internal.org.objectweb.asm.Frame::execute (2305 bytes)

Stack: [0x0000008b0d500000,0x0000008b0d600000]
Native frames: (J=compiled Java code, j=interpreted, Vv=VM code, C=native code)
V  [jvm.dll+0x676a4a]
V  [jvm.dll+0x7d74f4]
V  [jvm.dll+0x7d8c9e]
V  [jvm.dll+0x7d9303]
V  [jvm.dll+0x2452c5]
V  [jvm.dll+0xaaa2b]
V  [jvm.dll+0xaafcc]
V  [jvm.dll+0x3613cf]
V  [jvm.dll+0x1bb36a]
V  [jvm.dll+0x217c27]
V  [jvm.dll+0x216f01]
V  [jvm.dll+0x1a35e0]
V  [jvm.dll+0x226a6e]
V  [jvm.dll+0x224e15]
V  [jvm.dll+0x78d05c]
V  [jvm.dll+0x78759a]
V  [jvm.dll+0x675875]
C  [ucrtbase.dll+0x29333]
C  [KERNEL32.DLL+0x1257d]
C  [ntdll.dll+0x5af28]


---------------  P R O C E S S  ---------------

Threads class SMR info:
_java_thread_list=0x000002493f792dc0, length=19, elements={
0x000002491a752250, 0x000002493e3c3490, 0x000002493e3c4300, 0x000002493ed120f0,
0x000002493ed12ca0, 0x000002493ed13850, 0x000002493ed16310, 0x000002493ed17fc0,
0x000002493ed18970, 0x000002493ed1b890, 0x000002493ee49820, 0x000002493ee4bd40,
0x000002493ee6d4a0, 0x000002493ee81f70, 0x000002493f070100, 0x000002493f077600,
0x000002493fd2f5a0, 0x000002493f931400, 0x0000024940685e80
}

Java Threads: ( => current thread )
  0x000002491a752250 JavaThread "main" [_thread_in_Java, id=9572, stack(0x0000008b0c800000,0x0000008b0c900000)]
  0x000002493e3c3490 JavaThread "Reference Handler" daemon [_thread_blocked, id=9556, stack(0x0000008b0cf00000,0x0000008b0d000000)]
  0x000002493e3c4300 JavaThread "Finalizer" daemon [_thread_blocked, id=5164, stack(0x0000008b0d000000,0x0000008b0d100000)]
  0x000002493ed120f0 JavaThread "Signal Dispatcher" daemon [_thread_blocked, id=8932, stack(0x0000008b0d100000,0x0000008b0d200000)]
  0x000002493ed12ca0 JavaThread "Attach Listener" daemon [_thread_blocked, id=9796, stack(0x0000008b0d200000,0x0000008b0d300000)]
  0x000002493ed13850 JavaThread "Service Thread" daemon [_thread_blocked, id=9508, stack(0x0000008b0d300000,0x0000008b0d400000)]
  0x000002493ed16310 JavaThread "Monitor Deflation Thread" daemon [_thread_blocked, id=19300, stack(0x0000008b0d400000,0x0000008b0d500000)]
=>0x000002493ed17fc0 JavaThread "C2 CompilerThread0" daemon [_thread_in_native, id=16804, stack(0x0000008b0d500000,0x0000008b0d600000)]
  0x000002493ed18970 JavaThread "C1 CompilerThread0" daemon [_thread_blocked, id=9696, stack(0x0000008b0d600000,0x0000008b0d700000)]
  0x000002493ed1b890 JavaThread "Sweeper thread" daemon [_thread_blocked, id=9716, stack(0x0000008b0d700000,0x0000008b0d800000)]
  0x000002493ee49820 JavaThread "C1 CompilerThread1" daemon [_thread_blocked, id=7776, stack(0x0000008b0d800000,0x0000008b0d900000)]
  0x000002493ee4bd40 JavaThread "C1 CompilerThread2" daemon [_thread_blocked, id=3476, stack(0x0000008b0d900000,0x0000008b0da00000)]
  0x000002493ee6d4a0 JavaThread "Notification Thread" daemon [_thread_blocked, id=17708, stack(0x0000008b0da00000,0x0000008b0db00000)]
  0x000002493ee81f70 JavaThread "Common-Cleaner" daemon [_thread_blocked, id=9116, stack(0x0000008b0dc00000,0x0000008b0dd00000)]
  0x000002493f070100 JavaThread "C2 CompilerThread1" daemon [_thread_in_native, id=9768, stack(0x0000008b0dd00000,0x0000008b0de00000)]
  0x000002493f077600 JavaThread "C2 CompilerThread2" daemon [_thread_in_native, id=10524, stack(0x0000008b0de00000,0x0000008b0df00000)]
  0x000002493fd2f5a0 JavaThread "C2 CompilerThread3" daemon [_thread_in_native, id=5480, stack(0x0000008b0e400000,0x0000008b0e500000)]
  0x000002493f931400 JavaThread "C1 CompilerThread3" daemon [_thread_in_native, id=12488, stack(0x0000008b0e500000,0x0000008b0e600000)]
  0x0000024940685e80 JavaThread "C2 CompilerThread4" daemon [_thread_in_native, id=14708, stack(0x0000008b0e600000,0x0000008b0e700000)]

Other Threads:
  0x000002493e3bf890 VMThread "VM Thread" [stack: 0x0000008b0ce00000,0x0000008b0cf00000] [id=3236]
  0x000002493ee7e1a0 WatcherThread [stack: 0x0000008b0db00000,0x0000008b0dc00000] [id=15268]
  0x000002491a7be850 GCTaskThread "GC Thread#0" [stack: 0x0000008b0c900000,0x0000008b0ca00000] [id=18804]
  0x000002493f349a20 GCTaskThread "GC Thread#1" [stack: 0x0000008b0df00000,0x0000008b0e000000] [id=16460]
  0x000002493f948c90 GCTaskThread "GC Thread#2" [stack: 0x0000008b0e000000,0x0000008b0e100000] [id=6080]
  0x000002493f948f40 GCTaskThread "GC Thread#3" [stack: 0x0000008b0e100000,0x0000008b0e200000] [id=15836]
  0x000002493fc8a9c0 GCTaskThread "GC Thread#4" [stack: 0x0000008b0e200000,0x0000008b0e300000] [id=9836]
  0x000002493fc8ac70 GCTaskThread "GC Thread#5" [stack: 0x0000008b0e300000,0x0000008b0e400000] [id=9668]
  0x000002491a7cf450 ConcurrentGCThread "G1 Main Marker" [stack: 0x0000008b0ca00000,0x0000008b0cb00000] [id=6852]
  0x000002491a7d0e70 ConcurrentGCThread "G1 Conc#0" [stack: 0x0000008b0cb00000,0x0000008b0cc00000] [id=13552]
  0x000002493e27a970 ConcurrentGCThread "G1 Refine#0" [stack: 0x0000008b0cc00000,0x0000008b0cd00000] [id=10612]
  0x000002493e27c3a0 ConcurrentGCThread "G1 Service" [stack: 0x0000008b0cd00000,0x0000008b0ce00000] [id=10468]

Threads with active compile tasks:
C2 CompilerThread0      821 1818       4       jdk.internal.org.objectweb.asm.Frame::execute (2305 bytes)
C2 CompilerThread1      821 2073  s    4       java.util.Hashtable::get (69 bytes)
C2 CompilerThread2      821 2074   !   4       java.net.URL::<init> (543 bytes)
C2 CompilerThread3      821 2099       4       org.springframework.boot.loader.jar.Handler::parseURL (54 bytes)
C2 CompilerThread4      821 2102       4       java.lang.StringUTF16::compress (50 bytes)

VM state: not at safepoint (normal execution)

VM Mutex/Monitor currently owned by a thread: None

Heap address: 0x0000000703400000, size: 4044 MB, Compressed Oops mode: Zero based, Oop shift amount: 3

CDS archive(s) mapped at: [0x0000000800000000-0x0000000800bd0000-0x0000000800bd0000), size 12386304, SharedBaseAddress: 0x0000000800000000, ArchiveRelocationMode: 0.
Compressed class space mapped at: 0x0000000800c00000-0x0000000840c00000, reserved size: 1073741824
Narrow klass base: 0x0000000800000000, Narrow klass shift: 0, Narrow klass range: 0x100000000

GC Precious Log:
 CPUs: 20 total, 20 available
 Memory: 16171M
 Large Page Support: Disabled
 NUMA Support: Disabled
 Compressed Oops: Enabled (Zero based)
 Heap Region Size: 2M
 Heap Min Capacity: 8M
 Heap Initial Capacity: 254M
 Heap Max Capacity: 4044M
 Pre-touch: Disabled
 Parallel Workers: 15
 Concurrent Workers: 4
 Concurrent Refinement Workers: 15
 Periodic GC: Disabled

Heap:
 garbage-first heap   total 260096K, used 52775K [0x0000000703400000, 0x0000000800000000)
  region size 2048K, 27 young (55296K), 2 survivors (4096K)
 Metaspace       used 9502K, committed 9728K, reserved 1064960K
  class space    used 1150K, committed 1216K, reserved 1048576K

Heap Regions: E=young(eden), S=young(survivor), O=old, HS=humongous(starts), HC=humongous(continues), CS=collection set, F=free, OA=open archive, CA=closed archive, TAMS=top-at-mark-start (previous, next)
|   0|0x0000000703400000, 0x0000000703400000, 0x0000000703600000|  0%| F|  |TAMS 0x0000000703400000, 0x0000000703400000| Untracked 
|   1|0x0000000703600000, 0x0000000703600000, 0x0000000703800000|  0%| F|  |TAMS 0x0000000703600000, 0x0000000703600000| Untracked 
|   2|0x0000000703800000, 0x0000000703800000, 0x0000000703a00000|  0%| F|  |TAMS 0x0000000703800000, 0x0000000703800000| Untracked 
|   3|0x0000000703a00000, 0x0000000703a00000, 0x0000000703c00000|  0%| F|  |TAMS 0x0000000703a00000, 0x0000000703a00000| Untracked 
|   4|0x0000000703c00000, 0x0000000703c00000, 0x0000000703e00000|  0%| F|  |TAMS 0x0000000703c00000, 0x0000000703c00000| Untracked 
|   5|0x0000000703e00000, 0x0000000703e00000, 0x0000000704000000|  0%| F|  |TAMS 0x0000000703e00000, 0x0000000703e00000| Untracked 
|   6|0x0000000704000000, 0x0000000704000000, 0x0000000704200000|  0%| F|  |TAMS 0x0000000704000000, 0x0000000704000000| Untracked 
|   7|0x0000000704200000, 0x0000000704200000, 0x0000000704400000|  0%| F|  |TAMS 0x0000000704200000, 0x0000000704200000| Untracked 
|   8|0x0000000704400000, 0x0000000704400000, 0x0000000704600000|  0%| F|  |TAMS 0x0000000704400000, 0x0000000704400000| Untracked 
|   9|0x0000000704600000, 0x0000000704600000, 0x0000000704800000|  0%| F|  |TAMS 0x0000000704600000, 0x0000000704600000| Untracked 
|  10|0x0000000704800000, 0x0000000704800000, 0x0000000704a00000|  0%| F|  |TAMS 0x0000000704800000, 0x0000000704800000| Untracked 
|  11|0x0000000704a00000, 0x0000000704a00000, 0x0000000704c00000|  0%| F|  |TAMS 0x0000000704a00000, 0x0000000704a00000| Untracked 
|  12|0x0000000704c00000, 0x0000000704c00000, 0x0000000704e00000|  0%| F|  |TAMS 0x0000000704c00000, 0x0000000704c00000| Untracked 
|  13|0x0000000704e00000, 0x0000000704e00000, 0x0000000705000000|  0%| F|  |TAMS 0x0000000704e00000, 0x0000000704e00000| Untracked 
|  14|0x0000000705000000, 0x0000000705000000, 0x0000000705200000|  0%| F|  |TAMS 0x0000000705000000, 0x0000000705000000| Untracked 
|  15|0x0000000705200000, 0x0000000705200000, 0x0000000705400000|  0%| F|  |TAMS 0x0000000705200000, 0x0000000705200000| Untracked 
|  16|0x0000000705400000, 0x0000000705400000, 0x0000000705600000|  0%| F|  |TAMS 0x0000000705400000, 0x0000000705400000| Untracked 
|  17|0x0000000705600000, 0x0000000705600000, 0x0000000705800000|  0%| F|  |TAMS 0x0000000705600000, 0x0000000705600000| Untracked 
|  18|0x0000000705800000, 0x0000000705800000, 0x0000000705a00000|  0%| F|  |TAMS 0x0000000705800000, 0x0000000705800000| Untracked 
|  19|0x0000000705a00000, 0x0000000705a00000, 0x0000000705c00000|  0%| F|  |TAMS 0x0000000705a00000, 0x0000000705a00000| Untracked 
|  20|0x0000000705c00000, 0x0000000705c00000, 0x0000000705e00000|  0%| F|  |TAMS 0x0000000705c00000, 0x0000000705c00000| Untracked 
|  21|0x0000000705e00000, 0x0000000705e00000, 0x0000000706000000|  0%| F|  |TAMS 0x0000000705e00000, 0x0000000705e00000| Untracked 
|  22|0x0000000706000000, 0x0000000706000000, 0x0000000706200000|  0%| F|  |TAMS 0x0000000706000000, 0x0000000706000000| Untracked 
|  23|0x0000000706200000, 0x0000000706200000, 0x0000000706400000|  0%| F|  |TAMS 0x0000000706200000, 0x0000000706200000| Untracked 
|  24|0x0000000706400000, 0x0000000706400000, 0x0000000706600000|  0%| F|  |TAMS 0x0000000706400000, 0x0000000706400000| Untracked 
|  25|0x0000000706600000, 0x0000000706600000, 0x0000000706800000|  0%| F|  |TAMS 0x0000000706600000, 0x0000000706600000| Untracked 
|  26|0x0000000706800000, 0x0000000706800000, 0x0000000706a00000|  0%| F|  |TAMS 0x0000000706800000, 0x0000000706800000| Untracked 
|  27|0x0000000706a00000, 0x0000000706a00000, 0x0000000706c00000|  0%| F|  |TAMS 0x0000000706a00000, 0x0000000706a00000| Untracked 
|  28|0x0000000706c00000, 0x0000000706c00000, 0x0000000706e00000|  0%| F|  |TAMS 0x0000000706c00000, 0x0000000706c00000| Untracked 
|  29|0x0000000706e00000, 0x0000000706e00000, 0x0000000707000000|  0%| F|  |TAMS 0x0000000706e00000, 0x0000000706e00000| Untracked 
|  30|0x0000000707000000, 0x0000000707000000, 0x0000000707200000|  0%| F|  |TAMS 0x0000000707000000, 0x0000000707000000| Untracked 
|  31|0x0000000707200000, 0x0000000707200000, 0x0000000707400000|  0%| F|  |TAMS 0x0000000707200000, 0x0000000707200000| Untracked 
|  32|0x0000000707400000, 0x0000000707400000, 0x0000000707600000|  0%| F|  |TAMS 0x0000000707400000, 0x0000000707400000| Untracked 
|  33|0x0000000707600000, 0x0000000707600000, 0x0000000707800000|  0%| F|  |TAMS 0x0000000707600000, 0x0000000707600000| Untracked 
|  34|0x0000000707800000, 0x0000000707800000, 0x0000000707a00000|  0%| F|  |TAMS 0x0000000707800000, 0x0000000707800000| Untracked 
|  35|0x0000000707a00000, 0x0000000707a00000, 0x0000000707c00000|  0%| F|  |TAMS 0x0000000707a00000, 0x0000000707a00000| Untracked 
|  36|0x0000000707c00000, 0x0000000707c00000, 0x0000000707e00000|  0%| F|  |TAMS 0x0000000707c00000, 0x0000000707c00000| Untracked 
|  37|0x0000000707e00000, 0x0000000707e00000, 0x0000000708000000|  0%| F|  |TAMS 0x0000000707e00000, 0x0000000707e00000| Untracked 
|  38|0x0000000708000000, 0x0000000708000000, 0x0000000708200000|  0%| F|  |TAMS 0x0000000708000000, 0x0000000708000000| Untracked 
|  39|0x0000000708200000, 0x0000000708200000, 0x0000000708400000|  0%| F|  |TAMS 0x0000000708200000, 0x0000000708200000| Untracked 
|  40|0x0000000708400000, 0x0000000708400000, 0x0000000708600000|  0%| F|  |TAMS 0x0000000708400000, 0x0000000708400000| Untracked 
|  41|0x0000000708600000, 0x0000000708600000, 0x0000000708800000|  0%| F|  |TAMS 0x0000000708600000, 0x0000000708600000| Untracked 
|  42|0x0000000708800000, 0x0000000708800000, 0x0000000708a00000|  0%| F|  |TAMS 0x0000000708800000, 0x0000000708800000| Untracked 
|  43|0x0000000708a00000, 0x0000000708a00000, 0x0000000708c00000|  0%| F|  |TAMS 0x0000000708a00000, 0x0000000708a00000| Untracked 
|  44|0x0000000708c00000, 0x0000000708c00000, 0x0000000708e00000|  0%| F|  |TAMS 0x0000000708c00000, 0x0000000708c00000| Untracked 
|  45|0x0000000708e00000, 0x0000000708e00000, 0x0000000709000000|  0%| F|  |TAMS 0x0000000708e00000, 0x0000000708e00000| Untracked 
|  46|0x0000000709000000, 0x0000000709000000, 0x0000000709200000|  0%| F|  |TAMS 0x0000000709000000, 0x0000000709000000| Untracked 
|  47|0x0000000709200000, 0x0000000709200000, 0x0000000709400000|  0%| F|  |TAMS 0x0000000709200000, 0x0000000709200000| Untracked 
|  48|0x0000000709400000, 0x0000000709400000, 0x0000000709600000|  0%| F|  |TAMS 0x0000000709400000, 0x0000000709400000| Untracked 
|  49|0x0000000709600000, 0x0000000709600000, 0x0000000709800000|  0%| F|  |TAMS 0x0000000709600000, 0x0000000709600000| Untracked 
|  50|0x0000000709800000, 0x0000000709800000, 0x0000000709a00000|  0%| F|  |TAMS 0x0000000709800000, 0x0000000709800000| Untracked 
|  51|0x0000000709a00000, 0x0000000709a00000, 0x0000000709c00000|  0%| F|  |TAMS 0x0000000709a00000, 0x0000000709a00000| Untracked 
|  52|0x0000000709c00000, 0x0000000709c00000, 0x0000000709e00000|  0%| F|  |TAMS 0x0000000709c00000, 0x0000000709c00000| Untracked 
|  53|0x0000000709e00000, 0x0000000709e00000, 0x000000070a000000|  0%| F|  |TAMS 0x0000000709e00000, 0x0000000709e00000| Untracked 
|  54|0x000000070a000000, 0x000000070a000000, 0x000000070a200000|  0%| F|  |TAMS 0x000000070a000000, 0x000000070a000000| Untracked 
|  55|0x000000070a200000, 0x000000070a200000, 0x000000070a400000|  0%| F|  |TAMS 0x000000070a200000, 0x000000070a200000| Untracked 
|  56|0x000000070a400000, 0x000000070a400000, 0x000000070a600000|  0%| F|  |TAMS 0x000000070a400000, 0x000000070a400000| Untracked 
|  57|0x000000070a600000, 0x000000070a600000, 0x000000070a800000|  0%| F|  |TAMS 0x000000070a600000, 0x000000070a600000| Untracked 
|  58|0x000000070a800000, 0x000000070a800000, 0x000000070aa00000|  0%| F|  |TAMS 0x000000070a800000, 0x000000070a800000| Untracked 
|  59|0x000000070aa00000, 0x000000070aa00000, 0x000000070ac00000|  0%| F|  |TAMS 0x000000070aa00000, 0x000000070aa00000| Untracked 
|  60|0x000000070ac00000, 0x000000070ac00000, 0x000000070ae00000|  0%| F|  |TAMS 0x000000070ac00000, 0x000000070ac00000| Untracked 
|  61|0x000000070ae00000, 0x000000070ae00000, 0x000000070b000000|  0%| F|  |TAMS 0x000000070ae00000, 0x000000070ae00000| Untracked 
|  62|0x000000070b000000, 0x000000070b000000, 0x000000070b200000|  0%| F|  |TAMS 0x000000070b000000, 0x000000070b000000| Untracked 
|  63|0x000000070b200000, 0x000000070b200000, 0x000000070b400000|  0%| F|  |TAMS 0x000000070b200000, 0x000000070b200000| Untracked 
|  64|0x000000070b400000, 0x000000070b400000, 0x000000070b600000|  0%| F|  |TAMS 0x000000070b400000, 0x000000070b400000| Untracked 
|  65|0x000000070b600000, 0x000000070b600000, 0x000000070b800000|  0%| F|  |TAMS 0x000000070b600000, 0x000000070b600000| Untracked 
|  66|0x000000070b800000, 0x000000070b800000, 0x000000070ba00000|  0%| F|  |TAMS 0x000000070b800000, 0x000000070b800000| Untracked 
|  67|0x000000070ba00000, 0x000000070ba00000, 0x000000070bc00000|  0%| F|  |TAMS 0x000000070ba00000, 0x000000070ba00000| Untracked 
|  68|0x000000070bc00000, 0x000000070bc00000, 0x000000070be00000|  0%| F|  |TAMS 0x000000070bc00000, 0x000000070bc00000| Untracked 
|  69|0x000000070be00000, 0x000000070be00000, 0x000000070c000000|  0%| F|  |TAMS 0x000000070be00000, 0x000000070be00000| Untracked 
|  70|0x000000070c000000, 0x000000070c000000, 0x000000070c200000|  0%| F|  |TAMS 0x000000070c000000, 0x000000070c000000| Untracked 
|  71|0x000000070c200000, 0x000000070c200000, 0x000000070c400000|  0%| F|  |TAMS 0x000000070c200000, 0x000000070c200000| Untracked 
|  72|0x000000070c400000, 0x000000070c400000, 0x000000070c600000|  0%| F|  |TAMS 0x000000070c400000, 0x000000070c400000| Untracked 
|  73|0x000000070c600000, 0x000000070c600000, 0x000000070c800000|  0%| F|  |TAMS 0x000000070c600000, 0x000000070c600000| Untracked 
|  74|0x000000070c800000, 0x000000070c800000, 0x000000070ca00000|  0%| F|  |TAMS 0x000000070c800000, 0x000000070c800000| Untracked 
|  75|0x000000070ca00000, 0x000000070ca00000, 0x000000070cc00000|  0%| F|  |TAMS 0x000000070ca00000, 0x000000070ca00000| Untracked 
|  76|0x000000070cc00000, 0x000000070cc00000, 0x000000070ce00000|  0%| F|  |TAMS 0x000000070cc00000, 0x000000070cc00000| Untracked 
|  77|0x000000070ce00000, 0x000000070ce00000, 0x000000070d000000|  0%| F|  |TAMS 0x000000070ce00000, 0x000000070ce00000| Untracked 
|  78|0x000000070d000000, 0x000000070d000000, 0x000000070d200000|  0%| F|  |TAMS 0x000000070d000000, 0x000000070d000000| Untracked 
|  79|0x000000070d200000, 0x000000070d200000, 0x000000070d400000|  0%| F|  |TAMS 0x000000070d200000, 0x000000070d200000| Untracked 
|  80|0x000000070d400000, 0x000000070d400000, 0x000000070d600000|  0%| F|  |TAMS 0x000000070d400000, 0x000000070d400000| Untracked 
|  81|0x000000070d600000, 0x000000070d600000, 0x000000070d800000|  0%| F|  |TAMS 0x000000070d600000, 0x000000070d600000| Untracked 
|  82|0x000000070d800000, 0x000000070d800000, 0x000000070da00000|  0%| F|  |TAMS 0x000000070d800000, 0x000000070d800000| Untracked 
|  83|0x000000070da00000, 0x000000070da00000, 0x000000070dc00000|  0%| F|  |TAMS 0x000000070da00000, 0x000000070da00000| Untracked 
|  84|0x000000070dc00000, 0x000000070dc00000, 0x000000070de00000|  0%| F|  |TAMS 0x000000070dc00000, 0x000000070dc00000| Untracked 
|  85|0x000000070de00000, 0x000000070de00000, 0x000000070e000000|  0%| F|  |TAMS 0x000000070de00000, 0x000000070de00000| Untracked 
|  86|0x000000070e000000, 0x000000070e000000, 0x000000070e200000|  0%| F|  |TAMS 0x000000070e000000, 0x000000070e000000| Untracked 
|  87|0x000000070e200000, 0x000000070e200000, 0x000000070e400000|  0%| F|  |TAMS 0x000000070e200000, 0x000000070e200000| Untracked 
|  88|0x000000070e400000, 0x000000070e400000, 0x000000070e600000|  0%| F|  |TAMS 0x000000070e400000, 0x000000070e400000| Untracked 
|  89|0x000000070e600000, 0x000000070e600000, 0x000000070e800000|  0%| F|  |TAMS 0x000000070e600000, 0x000000070e600000| Untracked 
|  90|0x000000070e800000, 0x000000070e800000, 0x000000070ea00000|  0%| F|  |TAMS 0x000000070e800000, 0x000000070e800000| Untracked 
|  91|0x000000070ea00000, 0x000000070ea00000, 0x000000070ec00000|  0%| F|  |TAMS 0x000000070ea00000, 0x000000070ea00000| Untracked 
|  92|0x000000070ec00000, 0x000000070ec00000, 0x000000070ee00000|  0%| F|  |TAMS 0x000000070ec00000, 0x000000070ec00000| Untracked 
|  93|0x000000070ee00000, 0x000000070ee00000, 0x000000070f000000|  0%| F|  |TAMS 0x000000070ee00000, 0x000000070ee00000| Untracked 
|  94|0x000000070f000000, 0x000000070f000000, 0x000000070f200000|  0%| F|  |TAMS 0x000000070f000000, 0x000000070f000000| Untracked 
|  95|0x000000070f200000, 0x000000070f200000, 0x000000070f400000|  0%| F|  |TAMS 0x000000070f200000, 0x000000070f200000| Untracked 
|  96|0x000000070f400000, 0x000000070f400000, 0x000000070f600000|  0%| F|  |TAMS 0x000000070f400000, 0x000000070f400000| Untracked 
|  97|0x000000070f600000, 0x000000070f600000, 0x000000070f800000|  0%| F|  |TAMS 0x000000070f600000, 0x000000070f600000| Untracked 
|  98|0x000000070f800000, 0x000000070f800000, 0x000000070fa00000|  0%| F|  |TAMS 0x000000070f800000, 0x000000070f800000| Untracked 
|  99|0x000000070fa00000, 0x000000070fb00800, 0x000000070fc00000| 50%| E|  |TAMS 0x000000070fa00000, 0x000000070fa00000| Complete 
| 100|0x000000070fc00000, 0x000000070fe00000, 0x000000070fe00000|100%| E|CS|TAMS 0x000000070fc00000, 0x000000070fc00000| Complete 
| 101|0x000000070fe00000, 0x0000000710000000, 0x0000000710000000|100%| E|CS|TAMS 0x000000070fe00000, 0x000000070fe00000| Complete 
| 102|0x0000000710000000, 0x0000000710200000, 0x0000000710200000|100%| E|CS|TAMS 0x0000000710000000, 0x0000000710000000| Complete 
| 103|0x0000000710200000, 0x0000000710400000, 0x0000000710400000|100%| E|CS|TAMS 0x0000000710200000, 0x0000000710200000| Complete 
| 104|0x0000000710400000, 0x0000000710589c88, 0x0000000710600000| 76%| S|CS|TAMS 0x0000000710400000, 0x0000000710400000| Complete 
| 105|0x0000000710600000, 0x0000000710800000, 0x0000000710800000|100%| S|CS|TAMS 0x0000000710600000, 0x0000000710600000| Complete 
| 106|0x0000000710800000, 0x0000000710a00000, 0x0000000710a00000|100%| E|CS|TAMS 0x0000000710800000, 0x0000000710800000| Complete 
| 107|0x0000000710a00000, 0x0000000710c00000, 0x0000000710c00000|100%| E|CS|TAMS 0x0000000710a00000, 0x0000000710a00000| Complete 
| 108|0x0000000710c00000, 0x0000000710e00000, 0x0000000710e00000|100%| E|CS|TAMS 0x0000000710c00000, 0x0000000710c00000| Complete 
| 109|0x0000000710e00000, 0x0000000711000000, 0x0000000711000000|100%| E|CS|TAMS 0x0000000710e00000, 0x0000000710e00000| Complete 
| 110|0x0000000711000000, 0x0000000711200000, 0x0000000711200000|100%| E|CS|TAMS 0x0000000711000000, 0x0000000711000000| Complete 
| 111|0x0000000711200000, 0x0000000711400000, 0x0000000711400000|100%| E|CS|TAMS 0x0000000711200000, 0x0000000711200000| Complete 
| 112|0x0000000711400000, 0x0000000711600000, 0x0000000711600000|100%| E|CS|TAMS 0x0000000711400000, 0x0000000711400000| Complete 
| 113|0x0000000711600000, 0x0000000711800000, 0x0000000711800000|100%| E|CS|TAMS 0x0000000711600000, 0x0000000711600000| Complete 
| 114|0x0000000711800000, 0x0000000711a00000, 0x0000000711a00000|100%| E|CS|TAMS 0x0000000711800000, 0x0000000711800000| Complete 
| 115|0x0000000711a00000, 0x0000000711c00000, 0x0000000711c00000|100%| E|CS|TAMS 0x0000000711a00000, 0x0000000711a00000| Complete 
| 116|0x0000000711c00000, 0x0000000711e00000, 0x0000000711e00000|100%| E|CS|TAMS 0x0000000711c00000, 0x0000000711c00000| Complete 
| 117|0x0000000711e00000, 0x0000000712000000, 0x0000000712000000|100%| E|CS|TAMS 0x0000000711e00000, 0x0000000711e00000| Complete 
| 118|0x0000000712000000, 0x0000000712200000, 0x0000000712200000|100%| E|CS|TAMS 0x0000000712000000, 0x0000000712000000| Complete 
| 119|0x0000000712200000, 0x0000000712400000, 0x0000000712400000|100%| E|CS|TAMS 0x0000000712200000, 0x0000000712200000| Complete 
| 120|0x0000000712400000, 0x0000000712600000, 0x0000000712600000|100%| E|CS|TAMS 0x0000000712400000, 0x0000000712400000| Complete 
| 121|0x0000000712600000, 0x0000000712800000, 0x0000000712800000|100%| E|CS|TAMS 0x0000000712600000, 0x0000000712600000| Complete 
| 122|0x0000000712800000, 0x0000000712a00000, 0x0000000712a00000|100%| E|CS|TAMS 0x0000000712800000, 0x0000000712800000| Complete 
| 123|0x0000000712a00000, 0x0000000712c00000, 0x0000000712c00000|100%| E|CS|TAMS 0x0000000712a00000, 0x0000000712a00000| Complete 
| 124|0x0000000712c00000, 0x0000000712e00000, 0x0000000712e00000|100%| E|CS|TAMS 0x0000000712c00000, 0x0000000712c00000| Complete 
| 125|0x0000000712e00000, 0x0000000713000000, 0x0000000713000000|100%| E|CS|TAMS 0x0000000712e00000, 0x0000000712e00000| Complete 
| 126|0x0000000713000000, 0x0000000713200000, 0x0000000713200000|100%| E|CS|TAMS 0x0000000713000000, 0x0000000713000000| Complete 

Card table byte_map: [0x0000024932260000,0x0000024932a50000] _byte_map_base: 0x000002492ea46000

Marking Bits (Prev, Next): (CMBitMap*) 0x000002491a7bee60, (CMBitMap*) 0x000002491a7beea0
 Prev Bits: [0x0000024933240000, 0x0000024937170000)
 Next Bits: [0x0000024937170000, 0x000002493b0a0000)

Polling page: 0x0000024919f20000

Metaspace:

Usage:
  Non-class:      8.16 MB used.
      Class:      1.13 MB used.
       Both:      9.29 MB used.

Virtual space:
  Non-class space:       16.00 MB reserved,       8.31 MB ( 52%) committed,  2 nodes.
      Class space:        1.00 GB reserved,       1.19 MB ( <1%) committed,  1 nodes.
             Both:        1.02 GB reserved,       9.50 MB ( <1%) committed. 

Chunk freelists:
   Non-Class:  2.73 MB
       Class:  2.83 MB
        Both:  5.56 MB

MaxMetaspaceSize: unlimited
CompressedClassSpaceSize: 1.00 GB
Initial GC threshold: 21.00 MB
Current GC threshold: 21.00 MB
CDS: on
MetaspaceReclaimPolicy: balanced
 - commit_granule_bytes: 65536.
 - commit_granule_words: 8192.
 - virtual_space_node_default_size: 1048576.
 - enlarge_chunks_in_place: 1.
 - new_chunks_are_fully_committed: 0.
 - uncommit_free_chunks: 1.
 - use_allocation_guard: 0.
 - handle_deallocations: 1.


Internal statistics:

num_allocs_failed_limit: 0.
num_arena_births: 138.
num_arena_deaths: 0.
num_vsnodes_births: 3.
num_vsnodes_deaths: 0.
num_space_committed: 152.
num_space_uncommitted: 0.
num_chunks_returned_to_freelist: 0.
num_chunks_taken_from_freelist: 444.
num_chunk_merges: 0.
num_chunk_splits: 296.
num_chunks_enlarged: 223.
num_purges: 0.
num_inconsistent_stats: 0.

CodeHeap 'non-profiled nmethods': size=119168Kb used=1081Kb max_used=1081Kb free=118086Kb
 bounds [0x0000024929b70000, 0x0000024929de0000, 0x0000024930fd0000]
CodeHeap 'profiled nmethods': size=119104Kb used=3818Kb max_used=3818Kb free=115285Kb
 bounds [0x0000024921fd0000, 0x0000024922390000, 0x0000024929420000]
CodeHeap 'non-nmethods': size=7488Kb used=2844Kb max_used=2894Kb free=4643Kb
 bounds [0x0000024929420000, 0x0000024929700000, 0x0000024929b70000]
 total_blobs=2553 nmethods=2107 adapters=355
 compilation: enabled
              stopped_count=0, restarted_count=0
 full_count=0

Compilation events (20 events):
Event: 0.804 Thread 0x000002493ee4bd40 2087       3       java.util.Arrays$ArrayList::size (6 bytes)
Event: 0.804 Thread 0x000002493ee4bd40 nmethod 2087 0x0000024922383810 code [0x00000249223839a0, 0x0000024922383ab8]
Event: 0.804 Thread 0x000002493ee4bd40 2088       3       org.springframework.boot.loader.LaunchedURLClassLoader$$Lambda$14/0x0000000800c05a20::run (16 bytes)
Event: 0.804 Thread 0x000002493ee4bd40 nmethod 2088 0x0000024922383b90 code [0x0000024922383d40, 0x0000024922383ea8]
Event: 0.804 Thread 0x0000024940685e80 nmethod 1981 0x0000024929c71f10 code [0x0000024929c721a0, 0x0000024929c74330]
Event: 0.805 Thread 0x000002493ee4bd40 2090   !   3       java.lang.Class::getTypeName (59 bytes)
Event: 0.805 Thread 0x000002493fd2f5a0 nmethod 2063% 0x0000024929c75f10 code [0x0000024929c76140, 0x0000024929c77460]
Event: 0.805 Thread 0x0000024940685e80 2075       4       java.lang.Integer::getChars (131 bytes)
Event: 0.805 Thread 0x000002493fd2f5a0 2081       4       java.lang.AbstractStringBuilder::append (55 bytes)
Event: 0.805 Thread 0x000002493ee4bd40 nmethod 2090 0x0000024922383f90 code [0x0000024922384240, 0x0000024922384ca8]
Event: 0.806 Thread 0x000002493f070100 nmethod 2079 0x0000024929c77e10 code [0x0000024929c77fa0, 0x0000024929c78298]
Event: 0.806 Thread 0x000002493f070100 2080       4       java.net.URL::isValidProtocol (78 bytes)
Event: 0.808 Thread 0x000002493f070100 nmethod 2080 0x0000024929c78510 code [0x0000024929c786c0, 0x0000024929c789f8]
Event: 0.808 Thread 0x000002493f070100 2076       4       java.lang.StringBuilder::toString (35 bytes)
Event: 0.809 Thread 0x0000024940685e80 nmethod 2075 0x0000024929c78e10 code [0x0000024929c78fa0, 0x0000024929c793b8]
Event: 0.809 Thread 0x0000024940685e80 2089       4       java.lang.String::contains (19 bytes)
Event: 0.810 Thread 0x000002493f070100 nmethod 2076 0x0000024929c79610 code [0x0000024929c797a0, 0x0000024929c79bf8]
Event: 0.810 Thread 0x000002493f070100 2073  s    4       java.util.Hashtable::get (69 bytes)
Event: 0.810 Thread 0x0000024940685e80 nmethod 2089 0x0000024929c79e10 code [0x0000024929c79fa0, 0x0000024929c7a218]
Event: 0.810 Thread 0x0000024940685e80 2086   !   4       java.net.URL::getURLStreamHandler (191 bytes)

GC Heap History (4 events):
Event: 0.265 GC heap before
{Heap before GC invocations=0 (full 0):
 garbage-first heap   total 260096K, used 22528K [0x0000000703400000, 0x0000000800000000)
  region size 2048K, 11 young (22528K), 0 survivors (0K)
 Metaspace       used 2307K, committed 2496K, reserved 1056768K
  class space    used 237K, committed 320K, reserved 1048576K
}
Event: 0.266 GC heap after
{Heap after GC invocations=1 (full 0):
 garbage-first heap   total 260096K, used 2448K [0x0000000703400000, 0x0000000800000000)
  region size 2048K, 2 young (4096K), 2 survivors (4096K)
 Metaspace       used 2307K, committed 2496K, reserved 1056768K
  class space    used 237K, committed 320K, reserved 1048576K
}
Event: 0.623 GC heap before
{Heap before GC invocations=1 (full 0):
 garbage-first heap   total 260096K, used 41360K [0x0000000703400000, 0x0000000800000000)
  region size 2048K, 21 young (43008K), 2 survivors (4096K)
 Metaspace       used 5800K, committed 6016K, reserved 1056768K
  class space    used 711K, committed 832K, reserved 1048576K
}
Event: 0.625 GC heap after
{Heap after GC invocations=2 (full 0):
 garbage-first heap   total 260096K, used 3623K [0x0000000703400000, 0x0000000800000000)
  region size 2048K, 2 young (4096K), 2 survivors (4096K)
 Metaspace       used 5800K, committed 6016K, reserved 1056768K
  class space    used 711K, committed 832K, reserved 1048576K
}

Deoptimization events (20 events):
Event: 0.743 Thread 0x000002491a752250 Uncommon trap: trap_request=0xffffff45 fr.pc=0x0000024929bd5604 relative=0x0000000000001404
Event: 0.743 Thread 0x000002491a752250 Uncommon trap: reason=unstable_if action=reinterpret pc=0x0000024929bd5604 method=java.lang.StringLatin1.regionMatchesCI([BI[BII)Z @ 9 c2
Event: 0.743 Thread 0x000002491a752250 DEOPT PACKING pc=0x0000024929bd5604 sp=0x0000008b0c8fdc50
Event: 0.743 Thread 0x000002491a752250 DEOPT UNPACKING pc=0x00000249294723a3 sp=0x0000008b0c8fdb00 mode 2
Event: 0.771 Thread 0x000002491a752250 Uncommon trap: trap_request=0xffffff45 fr.pc=0x0000024929bd0a10 relative=0x0000000000000070
Event: 0.771 Thread 0x000002491a752250 Uncommon trap: reason=unstable_if action=reinterpret pc=0x0000024929bd0a10 method=sun.net.www.ParseUtil.firstEncodeIndex(Ljava/lang/String;)I @ 51 c2
Event: 0.771 Thread 0x000002491a752250 DEOPT PACKING pc=0x0000024929bd0a10 sp=0x0000008b0c8fd390
Event: 0.771 Thread 0x000002491a752250 DEOPT UNPACKING pc=0x00000249294723a3 sp=0x0000008b0c8fd2a8 mode 2
Event: 0.771 Thread 0x000002491a752250 Uncommon trap: trap_request=0xffffff45 fr.pc=0x0000024929ba6ffc relative=0x000000000000005c
Event: 0.771 Thread 0x000002491a752250 Uncommon trap: reason=unstable_if action=reinterpret pc=0x0000024929ba6ffc method=sun.net.www.ParseUtil.firstEncodeIndex(Ljava/lang/String;)I @ 51 c2
Event: 0.771 Thread 0x000002491a752250 DEOPT PACKING pc=0x0000024929ba6ffc sp=0x0000008b0c8fd300
Event: 0.771 Thread 0x000002491a752250 DEOPT UNPACKING pc=0x00000249294723a3 sp=0x0000008b0c8fd290 mode 2
Event: 0.772 Thread 0x000002491a752250 Uncommon trap: trap_request=0xffffff45 fr.pc=0x0000024929c62c24 relative=0x0000000000000584
Event: 0.772 Thread 0x000002491a752250 Uncommon trap: reason=unstable_if action=reinterpret pc=0x0000024929c62c24 method=org.springframework.asm.ClassReader.readUtf(II[C)Ljava/lang/String; @ 41 c2
Event: 0.772 Thread 0x000002491a752250 DEOPT PACKING pc=0x0000024929c62c24 sp=0x0000008b0c8fd4e0
Event: 0.772 Thread 0x000002491a752250 DEOPT UNPACKING pc=0x00000249294723a3 sp=0x0000008b0c8fd488 mode 2
Event: 0.772 Thread 0x000002491a752250 Uncommon trap: trap_request=0xffffff45 fr.pc=0x0000024929b7cf40 relative=0x0000000000000340
Event: 0.772 Thread 0x000002491a752250 Uncommon trap: reason=unstable_if action=reinterpret pc=0x0000024929b7cf40 method=java.lang.StringUTF16.compress([CI[BII)I @ 20 c2
Event: 0.772 Thread 0x000002491a752250 DEOPT PACKING pc=0x0000024929b7cf40 sp=0x0000008b0c8fd2f0
Event: 0.772 Thread 0x000002491a752250 DEOPT UNPACKING pc=0x00000249294723a3 sp=0x0000008b0c8fd270 mode 2

Classes unloaded (0 events):
No events

Classes redefined (0 events):
No events

Internal exceptions (20 events):
Event: 0.618 Thread 0x0000024941d93700 Implicit null exception at 0x0000024929bc8774 to 0x0000024929bc87e8
Event: 0.662 Thread 0x000002491a752250 Exception <a 'java/lang/ClassNotFoundException'{0x0000000712429ce0}: sun/util/logging/resources/spi/loggingProvider> (0x0000000712429ce0) 
thrown [s\open\src\hotspot\share\classfile\systemDictionary.cpp, line 256]
Event: 0.710 Thread 0x000002491a752250 Implicit null exception at 0x0000024929bc4dff to 0x0000024929bc4e80
Event: 0.723 Thread 0x000002491a752250 Exception <a 'java/lang/ClassNotFoundException'{0x0000000711bd59a8}: java/lang/ObjectCustomizer> (0x0000000711bd59a8) 
thrown [s\open\src\hotspot\share\classfile\systemDictionary.cpp, line 256]
Event: 0.723 Thread 0x000002491a752250 Exception <a 'java/lang/IncompatibleClassChangeError'{0x0000000711bda9b8}: Found class java.lang.Object, but interface was expected> (0x0000000711bda9b8) 
thrown [s\open\src\hotspot\share\interpreter\linkResolver.cpp, line 826]
Event: 0.725 Thread 0x000002491a752250 Exception <a 'java/lang/ClassNotFoundException'{0x0000000711809458}: org/springframework/context/annotation/ConfigurationClassPostProcessorCustomizer> (0x0000000711809458) 
thrown [s\open\src\hotspot\share\classfile\systemDictionary.cpp, line 256]
Event: 0.729 Thread 0x000002491a752250 Exception <a 'java/lang/ClassNotFoundException'{0x00000007118abfa0}: org/springframework/beans/factory/support/BeanDefinitionRegistryPostProcessorCustomizer> (0x00000007118abfa0) 
thrown [s\open\src\hotspot\share\classfile\systemDictionary.cpp, line 256]
Event: 0.730 Thread 0x000002491a752250 Exception <a 'java/lang/ClassNotFoundException'{0x00000007118c61e0}: org/springframework/beans/factory/config/BeanFactoryPostProcessorCustomizer> (0x00000007118c61e0) 
thrown [s\open\src\hotspot\share\classfile\systemDictionary.cpp, line 256]
Event: 0.730 Thread 0x000002491a752250 Exception <a 'java/lang/ClassNotFoundException'{0x00000007118ddf78}: org/springframework/core/PriorityOrderedCustomizer> (0x00000007118ddf78) 
thrown [s\open\src\hotspot\share\classfile\systemDictionary.cpp, line 256]
Event: 0.730 Thread 0x000002491a752250 Exception <a 'java/lang/ClassNotFoundException'{0x00000007118f3ef8}: org/springframework/core/OrderedCustomizer> (0x00000007118f3ef8) 
thrown [s\open\src\hotspot\share\classfile\systemDictionary.cpp, line 256]
Event: 0.730 Thread 0x000002491a752250 Exception <a 'java/lang/ClassNotFoundException'{0x000000071190c768}: org/springframework/context/ResourceLoaderAwareCustomizer> (0x000000071190c768) 
thrown [s\open\src\hotspot\share\classfile\systemDictionary.cpp, line 256]
Event: 0.730 Thread 0x000002491a752250 Exception <a 'java/lang/ClassNotFoundException'{0x0000000711924448}: org/springframework/beans/factory/AwareCustomizer> (0x0000000711924448) 
thrown [s\open\src\hotspot\share\classfile\systemDictionary.cpp, line 256]
Event: 0.730 Thread 0x000002491a752250 Exception <a 'java/lang/ClassNotFoundException'{0x000000071193c0d0}: org/springframework/context/ApplicationStartupAwareCustomizer> (0x000000071193c0d0) 
thrown [s\open\src\hotspot\share\classfile\systemDictionary.cpp, line 256]
Event: 0.730 Thread 0x000002491a752250 Exception <a 'java/lang/ClassNotFoundException'{0x0000000711954018}: org/springframework/beans/factory/AwareCustomizer> (0x0000000711954018) 
thrown [s\open\src\hotspot\share\classfile\systemDictionary.cpp, line 256]
Event: 0.731 Thread 0x000002491a752250 Exception <a 'java/lang/ClassNotFoundException'{0x000000071196c108}: org/springframework/beans/factory/BeanClassLoaderAwareCustomizer> (0x000000071196c108) 
thrown [s\open\src\hotspot\share\classfile\systemDictionary.cpp, line 256]
Event: 0.731 Thread 0x000002491a752250 Exception <a 'java/lang/ClassNotFoundException'{0x0000000711983db0}: org/springframework/beans/factory/AwareCustomizer> (0x0000000711983db0) 
thrown [s\open\src\hotspot\share\classfile\systemDictionary.cpp, line 256]
Event: 0.731 Thread 0x000002491a752250 Exception <a 'java/lang/ClassNotFoundException'{0x000000071199b0d0}: org/springframework/context/EnvironmentAwareCustomizer> (0x000000071199b0d0) 
thrown [s\open\src\hotspot\share\classfile\systemDictionary.cpp, line 256]
Event: 0.731 Thread 0x000002491a752250 Exception <a 'java/lang/ClassNotFoundException'{0x00000007119b2d10}: org/springframework/beans/factory/AwareCustomizer> (0x00000007119b2d10) 
thrown [s\open\src\hotspot\share\classfile\systemDictionary.cpp, line 256]
Event: 0.743 Thread 0x000002491a752250 Exception <a 'java/lang/NoSuchMethodError'{0x000000071144e0c0}: 'java.lang.Object java.lang.invoke.DirectMethodHandle$Holder.invokeVirtual(java.lang.Object, java.lang.Object, java.lang.Object)'> (0x000000071144e0c0) 
thrown [s\open\src\hotspot\share\interpreter\linkResolver.cpp, line 759]
Event: 0.743 Thread 0x000002491a752250 Exception <a 'java/lang/ClassNotFoundException'{0x000000071145e4e0}: org/springframework/boot/loader/jar/Handler> (0x000000071145e4e0) 
thrown [s\open\src\hotspot\share\classfile\systemDictionary.cpp, line 256]

VM Operations (20 events):
Event: 0.193 Executing VM operation: HandshakeAllThreads
Event: 0.193 Executing VM operation: HandshakeAllThreads done
Event: 0.264 Executing VM operation: G1CollectForAllocation
Event: 0.266 Executing VM operation: G1CollectForAllocation done
Event: 0.345 Executing VM operation: HandshakeAllThreads
Event: 0.345 Executing VM operation: HandshakeAllThreads done
Event: 0.567 Executing VM operation: HandshakeAllThreads
Event: 0.567 Executing VM operation: HandshakeAllThreads done
Event: 0.618 Executing VM operation: ICBufferFull
Event: 0.619 Executing VM operation: ICBufferFull done
Event: 0.623 Executing VM operation: G1CollectForAllocation
Event: 0.625 Executing VM operation: G1CollectForAllocation done
Event: 0.673 Executing VM operation: HandshakeAllThreads
Event: 0.673 Executing VM operation: HandshakeAllThreads done
Event: 0.709 Executing VM operation: HandshakeAllThreads
Event: 0.709 Executing VM operation: HandshakeAllThreads done
Event: 0.724 Executing VM operation: HandshakeAllThreads
Event: 0.724 Executing VM operation: HandshakeAllThreads done
Event: 0.738 Executing VM operation: HandshakeAllThreads
Event: 0.738 Executing VM operation: HandshakeAllThreads done

Events (20 events):
Event: 0.733 loading class java/util/concurrent/ConcurrentLinkedDeque$AbstractItr done
Event: 0.733 loading class java/util/concurrent/ConcurrentLinkedDeque$Itr done
Event: 0.737 loading class java/net/SocketException
Event: 0.737 loading class java/net/SocketException done
Event: 0.744 loading class java/util/regex/Pattern$LazyLoop
Event: 0.744 loading class java/util/regex/Pattern$Loop
Event: 0.744 loading class java/util/regex/Pattern$Loop done
Event: 0.744 loading class java/util/regex/Pattern$LazyLoop done
Event: 0.744 loading class java/util/regex/Pattern$Prolog
Event: 0.744 loading class java/util/regex/Pattern$Prolog done
Event: 0.751 loading class java/lang/StrictMath
Event: 0.751 loading class java/lang/StrictMath done
Event: 0.792 Thread 0x00000249415baf50 Thread added: 0x00000249415baf50
Event: 0.799 loading class javax/naming/ldap/LdapContext
Event: 0.799 loading class javax/naming/directory/DirContext
Event: 0.799 loading class javax/naming/Context
Event: 0.799 loading class javax/naming/Context done
Event: 0.799 loading class javax/naming/directory/DirContext done
Event: 0.799 loading class javax/naming/ldap/LdapContext done
Event: 0.810 Thread 0x00000249415baf50 Thread exited: 0x00000249415baf50


Dynamic libraries:
0x00007ff609600000 - 0x00007ff609610000 	C:\Program Files\Java\jdk-17\bin\java.exe
0x00007ffb1de10000 - 0x00007ffb1e027000 	C:\WINDOWS\SYSTEM32\ntdll.dll
0x00007ffb1c6e0000 - 0x00007ffb1c7a4000 	C:\WINDOWS\System32\KERNEL32.DLL
0x00007ffb1b490000 - 0x00007ffb1b83c000 	C:\WINDOWS\System32\KERNELBASE.dll
0x00007ffb1b200000 - 0x00007ffb1b311000 	C:\WINDOWS\System32\ucrtbase.dll
0x00007ffae7ea0000 - 0x00007ffae7ebb000 	C:\Program Files\Java\jdk-17\bin\VCRUNTIME140.dll
0x00007ffae7560000 - 0x00007ffae7579000 	C:\Program Files\Java\jdk-17\bin\jli.dll
0x00007ffb1c030000 - 0x00007ffb1c0e2000 	C:\WINDOWS\System32\ADVAPI32.dll
0x00007ffb1c0f0000 - 0x00007ffb1c197000 	C:\WINDOWS\System32\msvcrt.dll
0x00007ffb1cd10000 - 0x00007ffb1cdba000 	C:\WINDOWS\System32\sechost.dll
0x00007ffb1b950000 - 0x00007ffb1b978000 	C:\WINDOWS\System32\bcrypt.dll
0x00007ffb1c5b0000 - 0x00007ffb1c6c5000 	C:\WINDOWS\System32\RPCRT4.dll
0x00007ffb1cb40000 - 0x00007ffb1ccee000 	C:\WINDOWS\System32\USER32.dll
0x00007ffb1ba00000 - 0x00007ffb1ba26000 	C:\WINDOWS\System32\win32u.dll
0x00007ffb1cb10000 - 0x00007ffb1cb39000 	C:\WINDOWS\System32\GDI32.dll
0x00007ffb1ba30000 - 0x00007ffb1bb49000 	C:\WINDOWS\System32\gdi32full.dll
0x00007ffaf5250000 - 0x00007ffaf54e3000 	C:\WINDOWS\WinSxS\amd64_microsoft.windows.common-controls_6595b64144ccf1df_6.0.22621.3672_none_2713b9d173822955\COMCTL32.dll
0x00007ffb1b8b0000 - 0x00007ffb1b94a000 	C:\WINDOWS\System32\msvcp_win.dll
0x00007ffb0a260000 - 0x00007ffb0a26a000 	C:\WINDOWS\SYSTEM32\VERSION.dll
0x00007ffb1d280000 - 0x00007ffb1d2b1000 	C:\WINDOWS\System32\IMM32.DLL
0x00007ffaf3530000 - 0x00007ffaf353c000 	C:\Program Files\Java\jdk-17\bin\vcruntime140_1.dll
0x00007ffae5ee0000 - 0x00007ffae5f6e000 	C:\Program Files\Java\jdk-17\bin\msvcp140.dll
0x00007ffaaa6e0000 - 0x00007ffaab2bd000 	C:\Program Files\Java\jdk-17\bin\server\jvm.dll
0x00007ffb1ccf0000 - 0x00007ffb1ccf8000 	C:\WINDOWS\System32\PSAPI.DLL
0x00007ffaf66e0000 - 0x00007ffaf66e9000 	C:\WINDOWS\SYSTEM32\WSOCK32.dll
0x00007ffb108e0000 - 0x00007ffb10914000 	C:\WINDOWS\SYSTEM32\WINMM.dll
0x00007ffb1d2e0000 - 0x00007ffb1d351000 	C:\WINDOWS\System32\WS2_32.dll
0x00007ffb1a260000 - 0x00007ffb1a278000 	C:\WINDOWS\SYSTEM32\kernel.appcore.dll
0x00007ffaeb360000 - 0x00007ffaeb36a000 	C:\Program Files\Java\jdk-17\bin\jimage.dll
0x00007ffaf7ef0000 - 0x00007ffaf8122000 	C:\WINDOWS\SYSTEM32\DBGHELP.DLL
0x00007ffb1c1a0000 - 0x00007ffb1c528000 	C:\WINDOWS\System32\combase.dll
0x00007ffb1cf30000 - 0x00007ffb1d007000 	C:\WINDOWS\System32\OLEAUT32.dll
0x00007ffaeeca0000 - 0x00007ffaeecd2000 	C:\WINDOWS\SYSTEM32\dbgcore.DLL
0x00007ffb1b980000 - 0x00007ffb1b9fb000 	C:\WINDOWS\System32\bcryptPrimitives.dll
0x00007ffae5e50000 - 0x00007ffae5e75000 	C:\Program Files\Java\jdk-17\bin\java.dll
0x00007ffae46b0000 - 0x00007ffae4787000 	C:\Program Files\Java\jdk-17\bin\jsvml.dll
0x00007ffb1d570000 - 0x00007ffb1ddcc000 	C:\WINDOWS\System32\SHELL32.dll
0x00007ffb190a0000 - 0x00007ffb19997000 	C:\WINDOWS\SYSTEM32\windows.storage.dll
0x00007ffb18f60000 - 0x00007ffb1909f000 	C:\WINDOWS\SYSTEM32\wintypes.dll
0x00007ffb1d470000 - 0x00007ffb1d564000 	C:\WINDOWS\System32\SHCORE.dll
0x00007ffb1d360000 - 0x00007ffb1d3be000 	C:\WINDOWS\System32\shlwapi.dll
0x00007ffb1b070000 - 0x00007ffb1b091000 	C:\WINDOWS\SYSTEM32\profapi.dll
0x00007ffae4690000 - 0x00007ffae46a9000 	C:\Program Files\Java\jdk-17\bin\net.dll
0x00007ffb17ea0000 - 0x00007ffb17fd6000 	C:\WINDOWS\SYSTEM32\WINHTTP.dll
0x00007ffb1a6d0000 - 0x00007ffb1a739000 	C:\WINDOWS\system32\mswsock.dll
0x00007ffae4670000 - 0x00007ffae4686000 	C:\Program Files\Java\jdk-17\bin\nio.dll
0x00007ffae4650000 - 0x00007ffae4668000 	C:\Program Files\Java\jdk-17\bin\zip.dll
0x00007ffae7520000 - 0x00007ffae752a000 	C:\Program Files\Java\jdk-17\bin\management.dll
0x00007ffae5ed0000 - 0x00007ffae5edb000 	C:\Program Files\Java\jdk-17\bin\management_ext.dll
0x00007ffac5710000 - 0x00007ffac5727000 	C:\WINDOWS\system32\napinsp.dll
0x00007ffac5730000 - 0x00007ffac574b000 	C:\WINDOWS\system32\pnrpnsp.dll
0x00007ffb19ce0000 - 0x00007ffb19dd8000 	C:\WINDOWS\SYSTEM32\DNSAPI.dll
0x00007ffb19c70000 - 0x00007ffb19c9d000 	C:\WINDOWS\SYSTEM32\IPHLPAPI.DLL
0x00007ffb1cd00000 - 0x00007ffb1cd09000 	C:\WINDOWS\System32\NSI.dll
0x00007ffac64f0000 - 0x00007ffac6501000 	C:\WINDOWS\System32\winrnr.dll
0x00007ffae0b10000 - 0x00007ffae0b25000 	C:\WINDOWS\system32\wshbth.dll
0x00007ffac5750000 - 0x00007ffac5777000 	C:\WINDOWS\system32\nlansp_c.dll
0x00007ffb0b090000 - 0x00007ffb0b09a000 	C:\Windows\System32\rasadhlp.dll
0x00007ffb16360000 - 0x00007ffb163e3000 	C:\WINDOWS\System32\fwpuclnt.dll

dbghelp: loaded successfully - version: 4.0.5 - missing functions: none
symbol engine: initialized successfully - sym options: 0x614 - pdb path: .;C:\Program Files\Java\jdk-17\bin;C:\WINDOWS\SYSTEM32;C:\WINDOWS\WinSxS\amd64_microsoft.windows.common-controls_6595b64144ccf1df_6.0.22621.3672_none_2713b9d173822955;C:\Program Files\Java\jdk-17\bin\server

VM Arguments:
java_command: c:\Users\Jonathan Mejias\.vscode\extensions\salesforce.salesforce-vscode-slds-1.4.9\lsp-0.0.14-executable.jar --PORT=51576
java_class_path (initial): c:\Users\Jonathan Mejias\.vscode\extensions\salesforce.salesforce-vscode-slds-1.4.9\lsp-0.0.14-executable.jar
Launcher Type: SUN_STANDARD

[Global flags]
     intx CICompilerCount                          = 12                                        {product} {ergonomic}
     uint ConcGCThreads                            = 4                                         {product} {ergonomic}
     uint G1ConcRefinementThreads                  = 15                                        {product} {ergonomic}
   size_t G1HeapRegionSize                         = 2097152                                   {product} {ergonomic}
    uintx GCDrainStackTargetSize                   = 64                                        {product} {ergonomic}
   size_t InitialHeapSize                          = 266338304                                 {product} {ergonomic}
   size_t MarkStackSize                            = 4194304                                   {product} {ergonomic}
   size_t MaxHeapSize                              = 4240441344                                {product} {ergonomic}
   size_t MaxNewSize                               = 2543845376                                {product} {ergonomic}
   size_t MinHeapDeltaBytes                        = 2097152                                   {product} {ergonomic}
   size_t MinHeapSize                              = 8388608                                   {product} {ergonomic}
    uintx NonNMethodCodeHeapSize                   = 7602480                                {pd product} {ergonomic}
    uintx NonProfiledCodeHeapSize                  = 122027880                              {pd product} {ergonomic}
    uintx ProfiledCodeHeapSize                     = 122027880                              {pd product} {ergonomic}
    uintx ReservedCodeCacheSize                    = 251658240                              {pd product} {ergonomic}
     bool SegmentedCodeCache                       = true                                      {product} {ergonomic}
   size_t SoftMaxHeapSize                          = 4240441344                             {manageable} {ergonomic}
     bool UseCompressedClassPointers               = true                           {product lp64_product} {ergonomic}
     bool UseCompressedOops                        = true                           {product lp64_product} {ergonomic}
     bool UseG1GC                                  = true                                      {product} {ergonomic}
     bool UseLargePagesIndividualAllocation        = false                                  {pd product} {ergonomic}

Logging:
Log output configuration:
 #0: stdout all=warning uptime,level,tags
 #1: stderr all=off uptime,level,tags

Environment Variables:
PATH=C:\Program Files\Common Files\Oracle\Java\javapath;C:\WINDOWS\system32;C:\WINDOWS;C:\WINDOWS\System32\Wbem;C:\WINDOWS\System32\WindowsPowerShell\v1.0\;C:\WINDOWS\System32\OpenSSH\;C:\Program Files\dotnet\;C:\Program Files\Git\cmd;C:\Program Files\nodejs\;C:\Program Files (x86)\Microsoft SQL Server\160\DTS\Binn\;C:\Program Files (x86)\Microsoft SQL Server\160\Tools\Binn\;C:\Program Files\Microsoft SQL Server\160\Tools\Binn\;C:\Program Files\Microsoft SQL Server\Client SDK\ODBC\170\Tools\Binn\;C:\Program Files\Microsoft SQL Server\160\DTS\Binn\;C:\Program Files\Microsoft SQL Server\150\Tools\Binn\;C:\Program Files (x86)\cloudflared\;C:\Users\Jonathan Mejias\AppData\Local\Programs\Python\Python311\Scripts\;C:\Users\Jonathan Mejias\AppData\Local\Programs\Python\Python311\;C:\Users\Jonathan Mejias\AppData\Local\Microsoft\WindowsApps;C:\Users\Jonathan Mejias\AppData\Local\Programs\Microsoft VS Code\bin;C:\Program Files\nodejs;C:\Users\Jonathan Mejias\AppData\Roaming\npm;C:\Program Files\sfdx\bin;C:\Users\Jonathan Mejias\.dotnet\tools
USERNAME=Jonathan Mejias
OS=Windows_NT
PROCESSOR_IDENTIFIER=Intel64 Family 6 Model 183 Stepping 1, GenuineIntel



---------------  S Y S T E M  ---------------

OS:
 Windows 11 , 64 bit Build 22621 (10.0.22621.3672)
OS uptime: 0 days 0:54 hours

CPU: total 20 (initial active 20) (10 cores per cpu, 2 threads per core) family 6 model 183 stepping 1 microcode 0x10e, cx8, cmov, fxsr, ht, mmx, 3dnowpref, sse, sse2, sse3, ssse3, sse4.1, sse4.2, popcnt, lzcnt, tsc, tscinvbit, avx, avx2, aes, erms, clmul, bmi1, bmi2, adx, sha, fma, vzeroupper, clflush, clflushopt, clwb

Memory: 4k page, system-wide physical 16171M (3532M free)
TotalPageFile size 65323M (AvailPageFile size 5M)
current process WorkingSet (physical memory assigned to process): 165M, peak: 168M
current process commit charge ("private bytes"): 430M, peak: 437M

vm_info: Java HotSpot(TM) 64-Bit Server VM (17.0.7+8-LTS-224) for windows-amd64 JRE (17.0.7+8-LTS-224), built on Feb 28 2023 23:03:02 by "mach5one" with MS VC++ 17.1 (VS2022)

END.
